# JRE version: OpenJDK Runtime Environment Homebrew (21.0.4) (build 21.0.4)
# Java VM: OpenJDK 64-Bit Server VM Homebrew (21.0.4, mixed mode, sharing, tiered, compressed oops, compressed class ptrs, g1 gc, bsd-aarch64)
GC Precious Log:
 CardTable entry size: 512
 Card Set container configuration: InlinePtr #cards 4 size 8 Array Of Cards #cards 32 size 80 Howl #buckets 8 coarsen threshold 7372 Howl Bitmap #cards 1024 size 144 coarsen threshold 921 Card regions per heap region 1 cards per card region 8192
 CPUs: 8 total, 8 available
 Memory: 24576M
 Large Page Support: Disabled
 NUMA Support: Disabled
 Compressed Oops: Enabled (Zero based)
 Heap Region Size: 4M
 Heap Min Capacity: 8M
 Heap Initial Capacity: 384M
 Heap Max Capacity: 6G
 Pre-touch: Disabled
 Parallel Workers: 8
 Concurrent Workers: 2
 Concurrent Refinement Workers: 8
 Periodic GC: Disabled
Heap:
 garbage-first heap   total 69632K, used 44227K [0x0000000680000000, 0x0000000800000000)
  region size 4096K, 8 young (32768K), 1 survivors (4096K)
 Metaspace       used 42550K, committed 43200K, reserved 1114112K
  class space    used 5141K, committed 5440K, reserved 1048576K
GC Heap History (18 events):
Event: 0.276 GC heap before
{Heap before GC invocations=0 (full 0):
 garbage-first heap   total 397312K, used 21517K [0x0000000680000000, 0x0000000800000000)
  region size 4096K, 5 young (20480K), 0 survivors (0K)
 Metaspace       used 5803K, committed 6016K, reserved 1114112K
  class space    used 670K, committed 768K, reserved 1048576K
}
Event: 0.277 GC heap after
{Heap after GC invocations=1 (full 0):
 garbage-first heap   total 397312K, used 5107K [0x0000000680000000, 0x0000000800000000)
  region size 4096K, 1 young (4096K), 1 survivors (4096K)
 Metaspace       used 5803K, committed 6016K, reserved 1114112K
  class space    used 670K, committed 768K, reserved 1048576K
}
Event: 0.372 GC heap before
{Heap before GC invocations=1 (full 0):
 garbage-first heap   total 397312K, used 21491K [0x0000000680000000, 0x0000000800000000)
  region size 4096K, 6 young (24576K), 1 survivors (4096K)
 Metaspace       used 10743K, committed 11008K, reserved 1114112K
  class space    used 1296K, committed 1408K, reserved 1048576K
}
Event: 0.373 GC heap after
{Heap after GC invocations=2 (full 0):
 garbage-first heap   total 397312K, used 6399K [0x0000000680000000, 0x0000000800000000)
  region size 4096K, 1 young (4096K), 1 survivors (4096K)
 Metaspace       used 10743K, committed 11008K, reserved 1114112K
  class space    used 1296K, committed 1408K, reserved 1048576K
}
Event: 0.587 GC heap before
{Heap before GC invocations=2 (full 0):
 garbage-first heap   total 397312K, used 55551K [0x0000000680000000, 0x0000000800000000)
  region size 4096K, 13 young (53248K), 1 survivors (4096K)
 Metaspace       used 19503K, committed 19840K, reserved 1114112K
  class space    used 2364K, committed 2496K, reserved 1048576K
}
Event: 0.589 GC heap after
{Heap after GC invocations=3 (full 0):
 garbage-first heap   total 397312K, used 10653K [0x0000000680000000, 0x0000000800000000)
  region size 4096K, 2 young (8192K), 2 survivors (8192K)
 Metaspace       used 19503K, committed 19840K, reserved 1114112K
  class space    used 2364K, committed 2496K, reserved 1048576K
}
Event: 0.659 GC heap before
{Heap before GC invocations=3 (full 0):
 garbage-first heap   total 397312K, used 18845K [0x0000000680000000, 0x0000000800000000)
  region size 4096K, 5 young (20480K), 2 survivors (8192K)
 Metaspace       used 21197K, committed 21504K, reserved 1114112K
  class space    used 2605K, committed 2752K, reserved 1048576K
}
Event: 0.661 GC heap after
{Heap after GC invocations=4 (full 0):
 garbage-first heap   total 397312K, used 11412K [0x0000000680000000, 0x0000000800000000)
  region size 4096K, 2 young (8192K), 2 survivors (8192K)
 Metaspace       used 21197K, committed 21504K, reserved 1114112K
  class space    used 2605K, committed 2752K, reserved 1048576K
}
Event: 0.898 GC heap before
{Heap before GC invocations=5 (full 0):
 garbage-first heap   total 57344K, used 52372K [0x0000000680000000, 0x0000000800000000)
  region size 4096K, 12 young (49152K), 2 survivors (8192K)
 Metaspace       used 30433K, committed 30976K, reserved 1114112K
  class space    used 3781K, committed 4032K, reserved 1048576K
}
Event: 0.901 GC heap after
{Heap after GC invocations=6 (full 0):
 garbage-first heap   total 69632K, used 15235K [0x0000000680000000, 0x0000000800000000)
  region size 4096K, 3 young (12288K), 3 survivors (12288K)
 Metaspace       used 30433K, committed 30976K, reserved 1114112K
  class space    used 3781K, committed 4032K, reserved 1048576K
}
Event: 1.046 GC heap before
{Heap before GC invocations=6 (full 0):
 garbage-first heap   total 69632K, used 43907K [0x0000000680000000, 0x0000000800000000)
  region size 4096K, 10 young (40960K), 3 survivors (12288K)
 Metaspace       used 33835K, committed 34368K, reserved 1114112K
  class space    used 4219K, committed 4480K, reserved 1048576K
}
Event: 1.050 GC heap after
{Heap after GC invocations=7 (full 0):
 garbage-first heap   total 69632K, used 17594K [0x0000000680000000, 0x0000000800000000)
  region size 4096K, 2 young (8192K), 2 survivors (8192K)
 Metaspace       used 33835K, committed 34368K, reserved 1114112K
  class space    used 4219K, committed 4480K, reserved 1048576K
}
Event: 7.500 GC heap before
{Heap before GC invocations=7 (full 0):
 garbage-first heap   total 69632K, used 25786K [0x0000000680000000, 0x0000000800000000)
  region size 4096K, 5 young (20480K), 2 survivors (8192K)
 Metaspace       used 35422K, committed 35968K, reserved 1114112K
  class space    used 4424K, committed 4672K, reserved 1048576K
}
Event: 7.502 GC heap after
{Heap after GC invocations=8 (full 0):
 garbage-first heap   total 233472K, used 18878K [0x0000000680000000, 0x0000000800000000)
  region size 4096K, 1 young (4096K), 1 survivors (4096K)
 Metaspace       used 35422K, committed 35968K, reserved 1114112K
  class space    used 4424K, committed 4672K, reserved 1048576K
}
Event: 326.660 GC heap before
{Heap before GC invocations=9 (full 0):
 garbage-first heap   total 69632K, used 47550K [0x0000000680000000, 0x0000000800000000)
  region size 4096K, 9 young (36864K), 1 survivors (4096K)
 Metaspace       used 41634K, committed 42240K, reserved 1114112K
  class space    used 5117K, committed 5376K, reserved 1048576K
}
Event: 326.700 GC heap after
{Heap after GC invocations=10 (full 1):
 garbage-first heap   total 69632K, used 16390K [0x0000000680000000, 0x0000000800000000)
  region size 4096K, 0 young (0K), 0 survivors (0K)
 Metaspace       used 41634K, committed 42240K, reserved 1114112K
  class space    used 5117K, committed 5376K, reserved 1048576K
}
Event: 326.900 GC heap before
{Heap before GC invocations=10 (full 1):
 garbage-first heap   total 69632K, used 49158K [0x0000000680000000, 0x0000000800000000)
  region size 4096K, 9 young (36864K), 0 survivors (0K)
 Metaspace       used 42133K, committed 42816K, reserved 1114112K
  class space    used 5130K, committed 5440K, reserved 1048576K
}
Event: 326.901 GC heap after
{Heap after GC invocations=11 (full 1):
 garbage-first heap   total 69632K, used 19651K [0x0000000680000000, 0x0000000800000000)
  region size 4096K, 1 young (4096K), 1 survivors (4096K)
 Metaspace       used 42133K, committed 42816K, reserved 1114112K
  class space    used 5130K, committed 5440K, reserved 1048576K
}

